<?xml version="1.0" encoding="UTF-8"?>
<!-- Generated by org.testng.reporters.JUnitReportReporter -->
<testsuite skipped="0" hostname="msi-l907" name="MavenFramework.SoxCycleReport2" tests="9" failures="1" timestamp="02 Nov 2018 15:51:17 GMT" time="55.121" errors="0">
  <testcase name="LoginApplication" time="19.564" classname="MavenFramework.SoxCycleReport2"/>
  <testcase name="OpenSoxCycleReport" time="14.084" classname="MavenFramework.SoxCycleReport2"/>
  <testcase name="ExpandReport" time="2.556" classname="MavenFramework.SoxCycleReport2"/>
  <testcase name="EnterCycleFilterData" time="11.510" classname="MavenFramework.SoxCycleReport2"/>
  <testcase name="GenerateReport" time="6.423" classname="MavenFramework.SoxCycleReport2"/>
  <testcase name="VerifyCycleNameColumn" time="0.373" classname="MavenFramework.SoxCycleReport2"/>
  <testcase name="VerifyCycleOwnerOrgColumn" time="0.192" classname="MavenFramework.SoxCycleReport2"/>
  <testcase name="VerifyCycleOwnerColumn" time="0.268" classname="MavenFramework.SoxCycleReport2">
    <failure type="java.lang.AssertionError" message="The report showsCASEY HUNTERBut Expected data is :Casey Hunter1 expected [false] but found [true]">
      <![CDATA[java.lang.AssertionError: The report showsCASEY HUNTERBut Expected data is :Casey Hunter1 expected [false] but found [true]
at org.testng.Assert.fail(Assert.java:96)
at org.testng.Assert.failNotEquals(Assert.java:776)
at org.testng.Assert.assertFalse(Assert.java:65)
at MavenFramework.SoxCycleReport2.VerifyCycleOwnerColumn(SoxCycleReport2.java:145)
at sun.reflect.NativeMethodAccessorImpl.invoke0(Native Method)
at sun.reflect.NativeMethodAccessorImpl.invoke(NativeMethodAccessorImpl.java:62)
at sun.reflect.DelegatingMethodAccessorImpl.invoke(DelegatingMethodAccessorImpl.java:43)
at java.lang.reflect.Method.invoke(Method.java:483)
at org.testng.internal.MethodInvocationHelper.invokeMethod(MethodInvocationHelper.java:124)
at org.testng.internal.Invoker.invokeMethod(Invoker.java:583)
at org.testng.internal.Invoker.invokeTestMethod(Invoker.java:719)
at org.testng.internal.Invoker.invokeTestMethods(Invoker.java:989)
at org.testng.internal.TestMethodWorker.invokeTestMethods(TestMethodWorker.java:125)
at org.testng.internal.TestMethodWorker.run(TestMethodWorker.java:109)
at org.testng.TestRunner.privateRun(TestRunner.java:648)
at org.testng.TestRunner.run(TestRunner.java:505)
at org.testng.SuiteRunner.runTest(SuiteRunner.java:455)
at org.testng.SuiteRunner.runSequentially(SuiteRunner.java:450)
at org.testng.SuiteRunner.privateRun(SuiteRunner.java:415)
at org.testng.SuiteRunner.run(SuiteRunner.java:364)
at org.testng.SuiteRunnerWorker.runSuite(SuiteRunnerWorker.java:52)
at org.testng.SuiteRunnerWorker.run(SuiteRunnerWorker.java:84)
at org.testng.TestNG.runSuitesSequentially(TestNG.java:1208)
at org.testng.TestNG.runSuitesLocally(TestNG.java:1137)
at org.testng.TestNG.runSuites(TestNG.java:1049)
at org.testng.TestNG.run(TestNG.java:1017)
at org.testng.remote.AbstractRemoteTestNG.run(AbstractRemoteTestNG.java:114)
at org.testng.remote.RemoteTestNG.initAndRun(RemoteTestNG.java:251)
at org.testng.remote.RemoteTestNG.main(RemoteTestNG.java:77)
]]>
    </failure>
  </testcase> <!-- VerifyCycleOwnerColumn -->
  <testcase name="CloseReport" time="0.151" classname="MavenFramework.SoxCycleReport2"/>
</testsuite> <!-- MavenFramework.SoxCycleReport2 -->
