<html>
<head>
<title>TestNG:  Sox Cycle form and report validation</title>
<link href="../testng.css" rel="stylesheet" type="text/css" />
<link href="../my-testng.css" rel="stylesheet" type="text/css" />

<style type="text/css">
.log { display: none;} 
.stack-trace { display: none;} 
</style>
<script type="text/javascript">
<!--
function flip(e) {
  current = e.style.display;
  if (current == 'block') {
    e.style.display = 'none';
    return 0;
  }
  else {
    e.style.display = 'block';
    return 1;
  }
}

function toggleBox(szDivId, elem, msg1, msg2)
{
  var res = -1;  if (document.getElementById) {
    res = flip(document.getElementById(szDivId));
  }
  else if (document.all) {
    // this is the way old msie versions work
    res = flip(document.all[szDivId]);
  }
  if(elem) {
    if(res == 0) elem.innerHTML = msg1; else elem.innerHTML = msg2;
  }

}

function toggleAllBoxes() {
  if (document.getElementsByTagName) {
    d = document.getElementsByTagName('div');
    for (i = 0; i < d.length; i++) {
      if (d[i].className == 'log') {
        flip(d[i]);
      }
    }
  }
}

// -->
</script>

</head>
<body>
<h2 align='center'>Sox Cycle form and report validation</h2><table border='1' align="center">
<tr>
<td>Tests passed/Failed/Skipped:</td><td>16/3/0</td>
</tr><tr>
<td>Started on:</td><td>Mon Nov 26 20:40:49 IST 2018</td>
</tr>
<tr><td>Total time:</td><td>179 seconds (179313 ms)</td>
</tr><tr>
<td>Included groups:</td><td></td>
</tr><tr>
<td>Excluded groups:</td><td></td>
</tr>
</table><p/>
<small><i>(Hover the method name to see the test class name)</i></small><p/>
<table width='100%' border='1' class='invocation-failed'>
<tr><td colspan='4' align='center'><b>FAILED TESTS</b></td></tr>
<tr><td><b>Test method</b></td>
<td width="30%"><b>Exception</b></td>
<td width="10%"><b>Time (seconds)</b></td>
<td><b>Instance</b></td>
</tr>
<tr>
<td title='MavenFramework.SoxCycleReport.VerifyCycleNameColumn()'><b>VerifyCycleNameColumn</b><br>Test class: MavenFramework.SoxCycleReport</td>
<td><div><pre>java.lang.AssertionError: The report showsRevenue &amp; ReceivablesBut Expected data is :ExcelSheetTestData_CycleName_05 expected [false] but found [true]
	at MavenFramework.SoxCycleReport.VerifyCycleNameColumn(SoxCycleReport.java:102)
... Removed 28 stack frames</pre></div><a href='#' onClick='toggleBox("stack-trace582819897", this, "Click to show all stack frames", "Click to hide stack frames")'>Click to show all stack frames</a>
<div class='stack-trace' id='stack-trace582819897'><pre>java.lang.AssertionError: The report showsRevenue &amp; ReceivablesBut Expected data is :ExcelSheetTestData_CycleName_05 expected [false] but found [true]
	at org.testng.Assert.fail(Assert.java:96)
	at org.testng.Assert.failNotEquals(Assert.java:776)
	at org.testng.Assert.assertFalse(Assert.java:65)
	at MavenFramework.SoxCycleReport.VerifyCycleNameColumn(SoxCycleReport.java:102)
	at sun.reflect.NativeMethodAccessorImpl.invoke0(Native Method)
	at sun.reflect.NativeMethodAccessorImpl.invoke(NativeMethodAccessorImpl.java:62)
	at sun.reflect.DelegatingMethodAccessorImpl.invoke(DelegatingMethodAccessorImpl.java:43)
	at java.lang.reflect.Method.invoke(Method.java:483)
	at org.testng.internal.MethodInvocationHelper.invokeMethod(MethodInvocationHelper.java:124)
	at org.testng.internal.Invoker.invokeMethod(Invoker.java:583)
	at org.testng.internal.Invoker.invokeTestMethod(Invoker.java:719)
	at org.testng.internal.Invoker.invokeTestMethods(Invoker.java:989)
	at org.testng.internal.TestMethodWorker.invokeTestMethods(TestMethodWorker.java:125)
	at org.testng.internal.TestMethodWorker.run(TestMethodWorker.java:109)
	at org.testng.TestRunner.privateRun(TestRunner.java:648)
	at org.testng.TestRunner.run(TestRunner.java:505)
	at org.testng.SuiteRunner.runTest(SuiteRunner.java:455)
	at org.testng.SuiteRunner.runSequentially(SuiteRunner.java:450)
	at org.testng.SuiteRunner.privateRun(SuiteRunner.java:415)
	at org.testng.SuiteRunner.run(SuiteRunner.java:364)
	at org.testng.SuiteRunnerWorker.runSuite(SuiteRunnerWorker.java:52)
	at org.testng.SuiteRunnerWorker.run(SuiteRunnerWorker.java:84)
	at org.testng.TestNG.runSuitesSequentially(TestNG.java:1208)
	at org.testng.TestNG.runSuitesLocally(TestNG.java:1137)
	at org.testng.TestNG.runSuites(TestNG.java:1049)
	at org.testng.TestNG.run(TestNG.java:1017)
	at org.testng.remote.AbstractRemoteTestNG.run(AbstractRemoteTestNG.java:114)
	at org.testng.remote.RemoteTestNG.initAndRun(RemoteTestNG.java:251)
	at org.testng.remote.RemoteTestNG.main(RemoteTestNG.java:77)
</pre></div></td>
<td>0</td>
<td>MavenFramework.SoxCycleReport@3023df74</td></tr>
<tr>
<td title='MavenFramework.SoxCycleReport.VerifyCycleOwnerColumn()'><b>VerifyCycleOwnerColumn</b><br>Test class: MavenFramework.SoxCycleReport</td>
<td><div><pre>java.lang.AssertionError: The report showsCASEY HUNTER Matching with :Casey Hunter expected [true] but found [false]
	at MavenFramework.SoxCycleReport.VerifyCycleOwnerColumn(SoxCycleReport.java:143)
... Removed 28 stack frames</pre></div><a href='#' onClick='toggleBox("stack-trace1531782631", this, "Click to show all stack frames", "Click to hide stack frames")'>Click to show all stack frames</a>
<div class='stack-trace' id='stack-trace1531782631'><pre>java.lang.AssertionError: The report showsCASEY HUNTER Matching with :Casey Hunter expected [true] but found [false]
	at org.testng.Assert.fail(Assert.java:96)
	at org.testng.Assert.failNotEquals(Assert.java:776)
	at org.testng.Assert.assertTrue(Assert.java:44)
	at MavenFramework.SoxCycleReport.VerifyCycleOwnerColumn(SoxCycleReport.java:143)
	at sun.reflect.NativeMethodAccessorImpl.invoke0(Native Method)
	at sun.reflect.NativeMethodAccessorImpl.invoke(NativeMethodAccessorImpl.java:62)
	at sun.reflect.DelegatingMethodAccessorImpl.invoke(DelegatingMethodAccessorImpl.java:43)
	at java.lang.reflect.Method.invoke(Method.java:483)
	at org.testng.internal.MethodInvocationHelper.invokeMethod(MethodInvocationHelper.java:124)
	at org.testng.internal.Invoker.invokeMethod(Invoker.java:583)
	at org.testng.internal.Invoker.invokeTestMethod(Invoker.java:719)
	at org.testng.internal.Invoker.invokeTestMethods(Invoker.java:989)
	at org.testng.internal.TestMethodWorker.invokeTestMethods(TestMethodWorker.java:125)
	at org.testng.internal.TestMethodWorker.run(TestMethodWorker.java:109)
	at org.testng.TestRunner.privateRun(TestRunner.java:648)
	at org.testng.TestRunner.run(TestRunner.java:505)
	at org.testng.SuiteRunner.runTest(SuiteRunner.java:455)
	at org.testng.SuiteRunner.runSequentially(SuiteRunner.java:450)
	at org.testng.SuiteRunner.privateRun(SuiteRunner.java:415)
	at org.testng.SuiteRunner.run(SuiteRunner.java:364)
	at org.testng.SuiteRunnerWorker.runSuite(SuiteRunnerWorker.java:52)
	at org.testng.SuiteRunnerWorker.run(SuiteRunnerWorker.java:84)
	at org.testng.TestNG.runSuitesSequentially(TestNG.java:1208)
	at org.testng.TestNG.runSuitesLocally(TestNG.java:1137)
	at org.testng.TestNG.runSuites(TestNG.java:1049)
	at org.testng.TestNG.run(TestNG.java:1017)
	at org.testng.remote.AbstractRemoteTestNG.run(AbstractRemoteTestNG.java:114)
	at org.testng.remote.RemoteTestNG.initAndRun(RemoteTestNG.java:251)
	at org.testng.remote.RemoteTestNG.main(RemoteTestNG.java:77)
</pre></div></td>
<td>0</td>
<td>MavenFramework.SoxCycleReport@3023df74</td></tr>
<tr>
<td title='MavenFramework.SoxCycleReport.VerifyCycleOwnerOrgColumn()'><b>VerifyCycleOwnerOrgColumn</b><br>Test class: MavenFramework.SoxCycleReport</td>
<td><div><pre>java.lang.AssertionError: The report showsCIABut Expected data is :MRC-9951 expected [false] but found [true]
	at MavenFramework.SoxCycleReport.VerifyCycleOwnerOrgColumn(SoxCycleReport.java:125)
... Removed 28 stack frames</pre></div><a href='#' onClick='toggleBox("stack-trace66774422", this, "Click to show all stack frames", "Click to hide stack frames")'>Click to show all stack frames</a>
<div class='stack-trace' id='stack-trace66774422'><pre>java.lang.AssertionError: The report showsCIABut Expected data is :MRC-9951 expected [false] but found [true]
	at org.testng.Assert.fail(Assert.java:96)
	at org.testng.Assert.failNotEquals(Assert.java:776)
	at org.testng.Assert.assertFalse(Assert.java:65)
	at MavenFramework.SoxCycleReport.VerifyCycleOwnerOrgColumn(SoxCycleReport.java:125)
	at sun.reflect.NativeMethodAccessorImpl.invoke0(Native Method)
	at sun.reflect.NativeMethodAccessorImpl.invoke(NativeMethodAccessorImpl.java:62)
	at sun.reflect.DelegatingMethodAccessorImpl.invoke(DelegatingMethodAccessorImpl.java:43)
	at java.lang.reflect.Method.invoke(Method.java:483)
	at org.testng.internal.MethodInvocationHelper.invokeMethod(MethodInvocationHelper.java:124)
	at org.testng.internal.Invoker.invokeMethod(Invoker.java:583)
	at org.testng.internal.Invoker.invokeTestMethod(Invoker.java:719)
	at org.testng.internal.Invoker.invokeTestMethods(Invoker.java:989)
	at org.testng.internal.TestMethodWorker.invokeTestMethods(TestMethodWorker.java:125)
	at org.testng.internal.TestMethodWorker.run(TestMethodWorker.java:109)
	at org.testng.TestRunner.privateRun(TestRunner.java:648)
	at org.testng.TestRunner.run(TestRunner.java:505)
	at org.testng.SuiteRunner.runTest(SuiteRunner.java:455)
	at org.testng.SuiteRunner.runSequentially(SuiteRunner.java:450)
	at org.testng.SuiteRunner.privateRun(SuiteRunner.java:415)
	at org.testng.SuiteRunner.run(SuiteRunner.java:364)
	at org.testng.SuiteRunnerWorker.runSuite(SuiteRunnerWorker.java:52)
	at org.testng.SuiteRunnerWorker.run(SuiteRunnerWorker.java:84)
	at org.testng.TestNG.runSuitesSequentially(TestNG.java:1208)
	at org.testng.TestNG.runSuitesLocally(TestNG.java:1137)
	at org.testng.TestNG.runSuites(TestNG.java:1049)
	at org.testng.TestNG.run(TestNG.java:1017)
	at org.testng.remote.AbstractRemoteTestNG.run(AbstractRemoteTestNG.java:114)
	at org.testng.remote.RemoteTestNG.initAndRun(RemoteTestNG.java:251)
	at org.testng.remote.RemoteTestNG.main(RemoteTestNG.java:77)
</pre></div></td>
<td>0</td>
<td>MavenFramework.SoxCycleReport@3023df74</td></tr>
</table><p>
<table width='100%' border='1' class='invocation-passed'>
<tr><td colspan='4' align='center'><b>PASSED TESTS</b></td></tr>
<tr><td><b>Test method</b></td>
<td width="30%"><b>Exception</b></td>
<td width="10%"><b>Time (seconds)</b></td>
<td><b>Instance</b></td>
</tr>
<tr>
<td title='MavenFramework.SoxCycleReport.CloseReport()'><b>CloseReport</b><br>Test class: MavenFramework.SoxCycleReport</td>
<td></td>
<td>0</td>
<td>MavenFramework.SoxCycleReport@3023df74</td></tr>
<tr>
<td title='MavenFramework.SoxCycleReport.EnterCycleFilterData()'><b>EnterCycleFilterData</b><br>Test class: MavenFramework.SoxCycleReport</td>
<td></td>
<td>3</td>
<td>MavenFramework.SoxCycleReport@3023df74</td></tr>
<tr>
<td title='MavenFramework.CreateCycle.EnterCycleName()'><b>EnterCycleName</b><br>Test class: MavenFramework.CreateCycle</td>
<td></td>
<td>14</td>
<td>MavenFramework.CreateCycle@145f66e3</td></tr>
<tr>
<td title='MavenFramework.CreateCycle.EnterRTFData()'><b>EnterRTFData</b><br>Test class: MavenFramework.CreateCycle</td>
<td></td>
<td>32</td>
<td>MavenFramework.CreateCycle@145f66e3</td></tr>
<tr>
<td title='MavenFramework.SoxCycleReport.ExpandReport()'><b>ExpandReport</b><br>Test class: MavenFramework.SoxCycleReport</td>
<td></td>
<td>2</td>
<td>MavenFramework.SoxCycleReport@3023df74</td></tr>
<tr>
<td title='MavenFramework.SoxCycleReport.GenerateReport()'><b>GenerateReport</b><br>Test class: MavenFramework.SoxCycleReport</td>
<td></td>
<td>6</td>
<td>MavenFramework.SoxCycleReport@3023df74</td></tr>
<tr>
<td title='MavenFramework.CreateCycle.LoginApplication()'><b>LoginApplication</b><br>Test class: MavenFramework.CreateCycle</td>
<td></td>
<td>9</td>
<td>MavenFramework.CreateCycle@145f66e3</td></tr>
<tr>
<td title='MavenFramework.SoxCycleReport.LoginApplication()'><b>LoginApplication</b><br>Test class: MavenFramework.SoxCycleReport</td>
<td></td>
<td>9</td>
<td>MavenFramework.SoxCycleReport@3023df74</td></tr>
<tr>
<td title='MavenFramework.SoxCycleReport.OpenSoxCycleReport()'><b>OpenSoxCycleReport</b><br>Test class: MavenFramework.SoxCycleReport</td>
<td></td>
<td>5</td>
<td>MavenFramework.SoxCycleReport@3023df74</td></tr>
<tr>
<td title='MavenFramework.CreateCycle.SelectActionDropDown()'><b>SelectActionDropDown</b><br>Test class: MavenFramework.CreateCycle</td>
<td></td>
<td>10</td>
<td>MavenFramework.CreateCycle@145f66e3</td></tr>
<tr>
<td title='MavenFramework.CreateCycle.SelectComplianceDomain()'><b>SelectComplianceDomain</b><br>Test class: MavenFramework.CreateCycle</td>
<td></td>
<td>15</td>
<td>MavenFramework.CreateCycle@145f66e3</td></tr>
<tr>
<td title='MavenFramework.CreateCycle.SelectMRC()'><b>SelectMRC</b><br>Test class: MavenFramework.CreateCycle</td>
<td></td>
<td>15</td>
<td>MavenFramework.CreateCycle@145f66e3</td></tr>
<tr>
<td title='MavenFramework.CreateCycle.SelectOrganizationArea()'><b>SelectOrganizationArea</b><br>Test class: MavenFramework.CreateCycle</td>
<td></td>
<td>14</td>
<td>MavenFramework.CreateCycle@145f66e3</td></tr>
<tr>
<td title='MavenFramework.CreateCycle.SelectOwner()'><b>SelectOwner</b><br>Test class: MavenFramework.CreateCycle</td>
<td></td>
<td>18</td>
<td>MavenFramework.CreateCycle@145f66e3</td></tr>
<tr>
<td title='MavenFramework.CreateCycle.SelectRestricdropDown()'><b>SelectRestricdropDown</b><br>Test class: MavenFramework.CreateCycle</td>
<td></td>
<td>10</td>
<td>MavenFramework.CreateCycle@145f66e3</td></tr>
<tr>
<td title='MavenFramework.CreateCycle.SubmitForm()'><b>SubmitForm</b><br>Test class: MavenFramework.CreateCycle</td>
<td></td>
<td>4</td>
<td>MavenFramework.CreateCycle@145f66e3</td></tr>
</table><p>
</body>
</html>